Arguments: 
  F:\node\node.exe C:\Users\78443\AppData\Roaming\npm\node_modules\yarn\bin\yarn.js add fromidable

PATH: 
  C:\Program Files (x86)\Common Files\Oracle\Java\javapath;C:\Python27\Scripts\;C:\Python27\;C:\Program Files\Intel\iCLS Client\;C:\Windows\system32;C:\Windows;C:\Windows\System32\Wbem;C:\Windows\System32\WindowsPowerShell\v1.0\;C:\Program Files (x86)\Intel\Intel(R) Management Engine Components\DAL;C:\Program Files\Intel\Intel(R) Management Engine Components\DAL;C:\Program Files (x86)\Intel\Intel(R) Management Engine Components\IPT;C:\Program Files\Intel\Intel(R) Management Engine Components\IPT;C:\Program Files (x86)\NVIDIA Corporation\PhysX\Common;C:\Windows\system32;C:\Windows;C:\Windows\System32\Wbem;C:\Windows\System32\WindowsPowerShell\v1.0\;C:\Windows\System32\OpenSSH\;C:\Program Files\NVIDIA Corporation\NVIDIA NvDLISR;G:\Program Files (x86)\Git\Git\cmd;F:\node\;C:\Program Files\Intel\WiFi\bin\;C:\Program Files\Common Files\Intel\WirelessCommon\;C:\Program Files (x86)\Windows Kits\8.0\Windows Performance Toolkit\;C:\Program Files\Microsoft SQL Server\110\Tools\Binn\;G:\Program Files (x86)\Android_SDK\platform-tools;C:\Users\78443\AppData\Roaming\npm;E:\ZIP_exe\jdk_java\jdk_1.8;G:\Program Files (x86)\Android_SDK\tools;E:\ZIP_exe\jdk_java\jdk_1.8\bin;F:\2019-9-2\H5-game\cocos\cocos2d-x-3.14.1\templates;F:\2019-9-2\H5-game\cocos\cocos2d-x-3.14.1\tools\cocos2d-console\bin;G:\Program Files (x86)\VScode\Microsoft VS Code\bin;G:\Program Files (x86)\Webstorm\WebStorm 2019.3\bin;

Yarn version: 
  1.19.1

Node version: 
  10.16.0

Platform: 
  win32 x64

Trace: 
  Error: https://registry.npm.taobao.org/fromidable: Not found
      at Request.params.callback [as _callback] (C:\Users\78443\AppData\Roaming\npm\node_modules\yarn\lib\cli.js:66926:18)
      at Request.self.callback (C:\Users\78443\AppData\Roaming\npm\node_modules\yarn\lib\cli.js:140564:22)
      at Request.emit (events.js:198:13)
      at Request.<anonymous> (C:\Users\78443\AppData\Roaming\npm\node_modules\yarn\lib\cli.js:141536:10)
      at Request.emit (events.js:198:13)
      at IncomingMessage.<anonymous> (C:\Users\78443\AppData\Roaming\npm\node_modules\yarn\lib\cli.js:141458:12)
      at Object.onceWrapper (events.js:286:20)
      at IncomingMessage.emit (events.js:203:15)
      at endReadableNT (_stream_readable.js:1129:12)
      at process._tickCallback (internal/process/next_tick.js:63:19)

npm manifest: 
  {
    "name": "backcontrol",
    "version": "0.0.0",
    "private": true,
    "scripts": {
      "start": "node ./bin/www"
    },
    "dependencies": {
      "cookie-parser": "~1.4.4",
      "debug": "~2.6.9",
      "ejs": "~2.6.1",
      "express": "~4.16.1",
      "http-errors": "~1.6.3",
      "md5-node": "^1.0.1",
      "morgan": "~1.9.1",
      "node-fetch": "^2.6.0",
      "nodemailer": "^6.3.1",
      "pg": "^7.14.0"
    }
  }

yarn manifest: 
  No manifest

Lockfile: 
  No lockfile
